<?xml version="1.0" encoding="UTF-8"?>
<!-- Generated by org.testng.reporters.JUnitXMLReporter -->
<testsuite hostname="DESKTOP-SIKMKLO" name="Default test" tests="19" failures="0" timestamp="14 Mar 2021 12:19:45 GMT" time="96.306" errors="0">
  <testcase name="validateRegister" time="21.619" classname="Com.Infomats.Mercury.Script.TestScript"/>
  <testcase name="validateFirstname" time="0.201" classname="Com.Infomats.Mercury.Script.TestScript"/>
  <testcase name="validateLastname" time="0.091" classname="Com.Infomats.Mercury.Script.TestScript"/>
  <testcase name="validatePhonenum" time="0.103" classname="Com.Infomats.Mercury.Script.TestScript"/>
  <testcase name="validateEmail" time="0.127" classname="Com.Infomats.Mercury.Script.TestScript"/>
  <testcase name="validateAdres" time="0.104" classname="Com.Infomats.Mercury.Script.TestScript"/>
  <testcase name="validateCity" time="0.083" classname="Com.Infomats.Mercury.Script.TestScript"/>
  <testcase name="validateState" time="0.082" classname="Com.Infomats.Mercury.Script.TestScript"/>
  <testcase name="validatePostalcode" time="0.085" classname="Com.Infomats.Mercury.Script.TestScript"/>
  <testcase name="validateCountry" time="0.09" classname="Com.Infomats.Mercury.Script.TestScript"/>
  <testcase name="validateUserName" time="0.089" classname="Com.Infomats.Mercury.Script.TestScript"/>
  <testcase name="validatePassword" time="0.084" classname="Com.Infomats.Mercury.Script.TestScript"/>
  <testcase name="validateConfirmpass" time="0.079" classname="Com.Infomats.Mercury.Script.TestScript"/>
  <testcase name="validateSubmit" time="16.132" classname="Com.Infomats.Mercury.Script.TestScript"/>
  <testcase name="validateSignOn" time="6.655" classname="Com.Infomats.Mercury.Script.TestScript"/>
  <testcase name="validateSiUser" time="0.124" classname="Com.Infomats.Mercury.Script.TestScript"/>
  <testcase name="validateSipas" time="0.088" classname="Com.Infomats.Mercury.Script.TestScript"/>
  <testcase name="validateSigsub" time="5.758" classname="Com.Infomats.Mercury.Script.TestScript"/>
  <testcase name="validateSignof" time="1.78" classname="Com.Infomats.Mercury.Script.TestScript"/>
</testsuite> <!-- Default test -->
