<?xml version="1.0" encoding="UTF-8"?>
<!-- Generated by org.testng.reporters.JUnitXMLReporter -->
<testsuite hostname="DESKTOP-SIKMKLO" name="Test" tests="19" failures="0" timestamp="14 Mar 2021 13:19:53 GMT" time="102.075" errors="0">
  <testcase name="validateRegister" time="15.385" classname="Com.Infomats.Mercury.Script.TestScript"/>
  <testcase name="validateFirstname" time="0.129" classname="Com.Infomats.Mercury.Script.TestScript"/>
  <testcase name="validateLastname" time="0.071" classname="Com.Infomats.Mercury.Script.TestScript"/>
  <testcase name="validatePhonenum" time="0.082" classname="Com.Infomats.Mercury.Script.TestScript"/>
  <testcase name="validateEmail" time="0.094" classname="Com.Infomats.Mercury.Script.TestScript"/>
  <testcase name="validateAdres" time="0.07" classname="Com.Infomats.Mercury.Script.TestScript"/>
  <testcase name="validateCity" time="0.076" classname="Com.Infomats.Mercury.Script.TestScript"/>
  <testcase name="validateState" time="0.095" classname="Com.Infomats.Mercury.Script.TestScript"/>
  <testcase name="validatePostalcode" time="0.069" classname="Com.Infomats.Mercury.Script.TestScript"/>
  <testcase name="validateCountry" time="0.074" classname="Com.Infomats.Mercury.Script.TestScript"/>
  <testcase name="validateUserName" time="0.089" classname="Com.Infomats.Mercury.Script.TestScript"/>
  <testcase name="validatePassword" time="0.07" classname="Com.Infomats.Mercury.Script.TestScript"/>
  <testcase name="validateConfirmpass" time="0.074" classname="Com.Infomats.Mercury.Script.TestScript"/>
  <testcase name="validateSubmit" time="13.975" classname="Com.Infomats.Mercury.Script.TestScript"/>
  <testcase name="validateSignOn" time="13.407" classname="Com.Infomats.Mercury.Script.TestScript"/>
  <testcase name="validateSiUser" time="0.084" classname="Com.Infomats.Mercury.Script.TestScript"/>
  <testcase name="validateSipas" time="0.077" classname="Com.Infomats.Mercury.Script.TestScript"/>
  <testcase name="validateSigsub" time="27.053" classname="Com.Infomats.Mercury.Script.TestScript"/>
  <testcase name="validateSignof" time="2.087" classname="Com.Infomats.Mercury.Script.TestScript"/>
</testsuite> <!-- Test -->
