<?xml version="1.0" encoding="UTF-8"?>
<!-- Generated by org.testng.reporters.JUnitXMLReporter -->
<testsuite hostname="DESKTOP-SIKMKLO" ignored="0" name="Test" tests="19" failures="0" timestamp="2021-04-20T10:13:17 IST" time="28.315" errors="0">
  <testcase name="validateRegister" time="1.328" classname="Com.Infomats.Mercury.Script.TestScript"/>
  <testcase name="validateFirstname" time="0.169" classname="Com.Infomats.Mercury.Script.TestScript"/>
  <testcase name="validateLastname" time="0.091" classname="Com.Infomats.Mercury.Script.TestScript"/>
  <testcase name="validatePhonenum" time="0.106" classname="Com.Infomats.Mercury.Script.TestScript"/>
  <testcase name="validateEmail" time="0.11" classname="Com.Infomats.Mercury.Script.TestScript"/>
  <testcase name="validateAdres" time="0.092" classname="Com.Infomats.Mercury.Script.TestScript"/>
  <testcase name="validateCity" time="0.085" classname="Com.Infomats.Mercury.Script.TestScript"/>
  <testcase name="validateState" time="0.082" classname="Com.Infomats.Mercury.Script.TestScript"/>
  <testcase name="validatePostalcode" time="0.071" classname="Com.Infomats.Mercury.Script.TestScript"/>
  <testcase name="validateCountry" time="0.08" classname="Com.Infomats.Mercury.Script.TestScript"/>
  <testcase name="validateUserName" time="0.097" classname="Com.Infomats.Mercury.Script.TestScript"/>
  <testcase name="validatePassword" time="0.101" classname="Com.Infomats.Mercury.Script.TestScript"/>
  <testcase name="validateConfirmpass" time="0.099" classname="Com.Infomats.Mercury.Script.TestScript"/>
  <testcase name="validateSubmit" time="2.915" classname="Com.Infomats.Mercury.Script.TestScript"/>
  <testcase name="validateSignOn" time="2.075" classname="Com.Infomats.Mercury.Script.TestScript"/>
  <testcase name="validateSiUser" time="0.082" classname="Com.Infomats.Mercury.Script.TestScript"/>
  <testcase name="validateSipas" time="0.074" classname="Com.Infomats.Mercury.Script.TestScript"/>
  <testcase name="validateSigsub" time="2.36" classname="Com.Infomats.Mercury.Script.TestScript"/>
  <testcase name="validateSignof" time="1.287" classname="Com.Infomats.Mercury.Script.TestScript"/>
</testsuite> <!-- Test -->
