<?xml version="1.0" encoding="UTF-8"?>
<testsuite xmlns:xsi="http://www.w3.org/2001/XMLSchema-instance" xsi:noNamespaceSchemaLocation="https://maven.apache.org/surefire/maven-surefire-plugin/xsd/surefire-test-report-3.0.xsd" version="3.0" name="TestSuite" time="29.127" tests="19" errors="0" skipped="0" failures="0">
  <properties>
[...]
</properties>
  <testcase name="validateRegister" classname="Com.Infomats.Mercury.Script.TestScript" time="1.318">
    <system-err><![CDATA[Starting ChromeDriver 88.0.4324.96 (68dba2d8a0b149a1d3afac56fa74648032bcf46b-refs/branch-heads/4324@{#1784}) on port 36789
Only local connections are allowed.
Please see https://chromedriver.chromium.org/security-considerations for suggestions on keeping ChromeDriver safe.
ChromeDriver was started successfully.
[1618893779.871][WARNING]: This version of ChromeDriver has not been tested with Chrome version 89.
Apr 20, 2021 10:13:00 AM org.openqa.selenium.remote.ProtocolHandshake createSession
INFO: Detected dialect: W3C
]]></system-err>
  </testcase>
  <testcase name="validateFirstname" classname="Com.Infomats.Mercury.Script.TestScript" time="0.166"/>
  <testcase name="validateLastname" classname="Com.Infomats.Mercury.Script.TestScript" time="0.09"/>
  <testcase name="validatePhonenum" classname="Com.Infomats.Mercury.Script.TestScript" time="0.105"/>
  <testcase name="validateEmail" classname="Com.Infomats.Mercury.Script.TestScript" time="0.111"/>
  <testcase name="validateAdres" classname="Com.Infomats.Mercury.Script.TestScript" time="0.093"/>
  <testcase name="validateCity" classname="Com.Infomats.Mercury.Script.TestScript" time="0.084"/>
  <testcase name="validateState" classname="Com.Infomats.Mercury.Script.TestScript" time="0.082"/>
  <testcase name="validatePostalcode" classname="Com.Infomats.Mercury.Script.TestScript" time="0.072"/>
  <testcase name="validateCountry" classname="Com.Infomats.Mercury.Script.TestScript" time="0.084"/>
  <testcase name="validateUserName" classname="Com.Infomats.Mercury.Script.TestScript" time="0.095"/>
  <testcase name="validatePassword" classname="Com.Infomats.Mercury.Script.TestScript" time="0.101"/>
  <testcase name="validateConfirmpass" classname="Com.Infomats.Mercury.Script.TestScript" time="0.1"/>
  <testcase name="validateSubmit" classname="Com.Infomats.Mercury.Script.TestScript" time="2.915"/>
  <testcase name="validateSignOn" classname="Com.Infomats.Mercury.Script.TestScript" time="2.077"/>
  <testcase name="validateSiUser" classname="Com.Infomats.Mercury.Script.TestScript" time="0.081"/>
  <testcase name="validateSipas" classname="Com.Infomats.Mercury.Script.TestScript" time="0.075"/>
  <testcase name="validateSigsub" classname="Com.Infomats.Mercury.Script.TestScript" time="2.361"/>
  <testcase name="validateSignof" classname="Com.Infomats.Mercury.Script.TestScript" time="1.287"/>
</testsuite>